<?xml version="1.0" encoding="UTF-8"?>
<testsuite xmlns:xsi="http://www.w3.org/2001/XMLSchema-instance" xsi:noNamespaceSchemaLocation="https://maven.apache.org/surefire/maven-surefire-plugin/xsd/surefire-test-report.xsd" name="com.sunwul.mq.MqProviderApplicationTests" time="5.84" tests="1" errors="1" skipped="0" failures="0">
  <properties>
[...]
</properties>
  <testcase name="contextLoads" classname="com.sunwul.mq.MqProviderApplicationTests" time="2.332">
    <error message="java.net.ConnectException: Connection refused: connect" type="org.springframework.amqp.AmqpConnectException">org.springframework.amqp.AmqpConnectException: java.net.ConnectException: Connection refused: connect
	at com.sunwul.mq.MqProviderApplicationTests.contextLoads(MqProviderApplicationTests.java:59)
Caused by: java.net.ConnectException: Connection refused: connect
	at com.sunwul.mq.MqProviderApplicationTests.contextLoads(MqProviderApplicationTests.java:59)
</error>
    <system-out><![CDATA[14:08:36.109 [main] DEBUG org.springframework.test.context.BootstrapUtils - Instantiating CacheAwareContextLoaderDelegate from class [org.springframework.test.context.cache.DefaultCacheAwareContextLoaderDelegate]
14:08:36.129 [main] DEBUG org.springframework.test.context.BootstrapUtils - Instantiating BootstrapContext using constructor [public org.springframework.test.context.support.DefaultBootstrapContext(java.lang.Class,org.springframework.test.context.CacheAwareContextLoaderDelegate)]
14:08:36.169 [main] DEBUG org.springframework.test.context.BootstrapUtils - Instantiating TestContextBootstrapper for test class [com.sunwul.mq.MqProviderApplicationTests] from class [org.springframework.boot.test.context.SpringBootTestContextBootstrapper]
14:08:36.189 [main] INFO org.springframework.boot.test.context.SpringBootTestContextBootstrapper - Neither @ContextConfiguration nor @ContextHierarchy found for test class [com.sunwul.mq.MqProviderApplicationTests], using SpringBootContextLoader
14:08:36.189 [main] DEBUG org.springframework.test.context.support.AbstractContextLoader - Did not detect default resource location for test class [com.sunwul.mq.MqProviderApplicationTests]: class path resource [com/sunwul/mq/MqProviderApplicationTests-context.xml] does not exist
14:08:36.189 [main] DEBUG org.springframework.test.context.support.AbstractContextLoader - Did not detect default resource location for test class [com.sunwul.mq.MqProviderApplicationTests]: class path resource [com/sunwul/mq/MqProviderApplicationTestsContext.groovy] does not exist
14:08:36.189 [main] INFO org.springframework.test.context.support.AbstractContextLoader - Could not detect default resource locations for test class [com.sunwul.mq.MqProviderApplicationTests]: no resource found for suffixes {-context.xml, Context.groovy}.
14:08:36.189 [main] INFO org.springframework.test.context.support.AnnotationConfigContextLoaderUtils - Could not detect default configuration classes for test class [com.sunwul.mq.MqProviderApplicationTests]: MqProviderApplicationTests does not declare any static, non-private, non-final, nested classes annotated with @Configuration.
14:08:36.229 [main] DEBUG org.springframework.test.context.support.ActiveProfilesUtils - Could not find an 'annotation declaring class' for annotation type [org.springframework.test.context.ActiveProfiles] and class [com.sunwul.mq.MqProviderApplicationTests]
14:08:36.289 [main] DEBUG org.springframework.context.annotation.ClassPathScanningCandidateComponentProvider - Identified candidate component class: file [E:\JavaProject\SpringBoot+Vue.js\springboot-learning-sunwul\mq-provider\target\classes\com\sunwul\mq\MqProviderApplication.class]
14:08:36.289 [main] INFO org.springframework.boot.test.context.SpringBootTestContextBootstrapper - Found @SpringBootConfiguration com.sunwul.mq.MqProviderApplication for test class com.sunwul.mq.MqProviderApplicationTests
14:08:36.399 [main] DEBUG org.springframework.boot.test.context.SpringBootTestContextBootstrapper - @TestExecutionListeners is not present for class [com.sunwul.mq.MqProviderApplicationTests]: using defaults.
14:08:36.399 [main] INFO org.springframework.boot.test.context.SpringBootTestContextBootstrapper - Loaded default TestExecutionListener class names from location [META-INF/spring.factories]: [org.springframework.boot.test.mock.mockito.MockitoTestExecutionListener, org.springframework.boot.test.mock.mockito.ResetMocksTestExecutionListener, org.springframework.boot.test.autoconfigure.restdocs.RestDocsTestExecutionListener, org.springframework.boot.test.autoconfigure.web.client.MockRestServiceServerResetTestExecutionListener, org.springframework.boot.test.autoconfigure.web.servlet.MockMvcPrintOnlyOnFailureTestExecutionListener, org.springframework.boot.test.autoconfigure.web.servlet.WebDriverTestExecutionListener, org.springframework.test.context.web.ServletTestExecutionListener, org.springframework.test.context.support.DirtiesContextBeforeModesTestExecutionListener, org.springframework.test.context.support.DependencyInjectionTestExecutionListener, org.springframework.test.context.support.DirtiesContextTestExecutionListener, org.springframework.test.context.transaction.TransactionalTestExecutionListener, org.springframework.test.context.jdbc.SqlScriptsTestExecutionListener, org.springframework.test.context.event.EventPublishingTestExecutionListener]
14:08:36.409 [main] INFO org.springframework.boot.test.context.SpringBootTestContextBootstrapper - Using TestExecutionListeners: [org.springframework.test.context.web.ServletTestExecutionListener@5677323c, org.springframework.test.context.support.DirtiesContextBeforeModesTestExecutionListener@18df8434, org.springframework.boot.test.mock.mockito.MockitoTestExecutionListener@65c7a252, org.springframework.boot.test.autoconfigure.SpringBootDependencyInjectionTestExecutionListener@4d154ccd, org.springframework.test.context.support.DirtiesContextTestExecutionListener@229c6181, org.springframework.test.context.transaction.TransactionalTestExecutionListener@4686afc2, org.springframework.test.context.jdbc.SqlScriptsTestExecutionListener@1e0b4072, org.springframework.test.context.event.EventPublishingTestExecutionListener@791f145a, org.springframework.boot.test.mock.mockito.ResetMocksTestExecutionListener@38cee291, org.springframework.boot.test.autoconfigure.restdocs.RestDocsTestExecutionListener@4b45a2f5, org.springframework.boot.test.autoconfigure.web.client.MockRestServiceServerResetTestExecutionListener@f09733f, org.springframework.boot.test.autoconfigure.web.servlet.MockMvcPrintOnlyOnFailureTestExecutionListener@e350b40, org.springframework.boot.test.autoconfigure.web.servlet.WebDriverTestExecutionListener@41a0aa7d]
14:08:36.419 [main] DEBUG org.springframework.test.context.support.AbstractDirtiesContextTestExecutionListener - Before test class: context [DefaultTestContext@3c77d488 testClass = MqProviderApplicationTests, testInstance = [null], testMethod = [null], testException = [null], mergedContextConfiguration = [WebMergedContextConfiguration@63376bed testClass = MqProviderApplicationTests, locations = '{}', classes = '{class com.sunwul.mq.MqProviderApplication}', contextInitializerClasses = '[]', activeProfiles = '{}', propertySourceLocations = '{}', propertySourceProperties = '{org.springframework.boot.test.context.SpringBootTestContextBootstrapper=true}', contextCustomizers = set[org.springframework.boot.test.context.filter.ExcludeFilterContextCustomizer@31c88ec8, org.springframework.boot.test.json.DuplicateJsonObjectContextCustomizerFactory$DuplicateJsonObjectContextCustomizer@481a996b, org.springframework.boot.test.mock.mockito.MockitoContextCustomizer@0, org.springframework.boot.test.web.client.TestRestTemplateContextCustomizer@20ce78ec, org.springframework.boot.test.autoconfigure.properties.PropertyMappingContextCustomizer@0, org.springframework.boot.test.autoconfigure.web.servlet.WebDriverContextCustomizerFactory$Customizer@7fa98a66], resourceBasePath = 'src/main/webapp', contextLoader = 'org.springframework.boot.test.context.SpringBootContextLoader', parent = [null]], attributes = map['org.springframework.test.context.web.ServletTestExecutionListener.activateListener' -> true]], class annotated with @DirtiesContext [false] with mode [null].
14:08:36.449 [main] DEBUG org.springframework.test.context.support.TestPropertySourceUtils - Adding inlined properties to environment: {spring.jmx.enabled=false, org.springframework.boot.test.context.SpringBootTestContextBootstrapper=true, server.port=-1}

  .   ____          _            __ _ _
 /\\ / ___'_ __ _ _(_)_ __  __ _ \ \ \ \
( ( )\___ | '_ | '_| | '_ \/ _` | \ \ \ \
 \\/  ___)| |_)| | | | | || (_| |  ) ) ) )
  '  |____| .__|_| |_|_| |_\__, | / / / /
 =========|_|==============|___/=/_/_/_/
 :: Spring Boot ::        (v2.2.2.RELEASE)

2020-05-07 14:08:36.955  INFO 8844 --- [           main] c.sunwul.mq.MqProviderApplicationTests   : Starting MqProviderApplicationTests on MTC-20180824QZA with PID 8844 (started by Administrator in E:\JavaProject\SpringBoot+Vue.js\springboot-learning-sunwul\mq-provider)
2020-05-07 14:08:36.965  INFO 8844 --- [           main] c.sunwul.mq.MqProviderApplicationTests   : No active profile set, falling back to default profiles: default
2020-05-07 14:08:39.075  INFO 8844 --- [           main] o.s.s.concurrent.ThreadPoolTaskExecutor  : Initializing ExecutorService 'applicationTaskExecutor'
2020-05-07 14:08:39.547  INFO 8844 --- [           main] c.sunwul.mq.MqProviderApplicationTests   : Started MqProviderApplicationTests in 3.076 seconds (JVM running for 4.068)
2020-05-07 14:08:39.819  INFO 8844 --- [           main] o.s.a.r.c.CachingConnectionFactory       : Attempting to connect to: [localhost:5672]
]]></system-out>
  </testcase>
</testsuite>